<?xml version="1.0" encoding="UTF-8"?>
<!-- Generated by org.testng.reporters.JUnitXMLReporter -->
<testsuite hostname="Cedrics-MacBook-Pro.local" name="Ant test" tests="21" failures="0" timestamp="12 May 2013 15:05:05 GMT" time="0.054" errors="0">
  <testcase name="recordThread01" time="0.0" classname="test.ant.MultipleThreadTest"/>
  <testcase name="recordThread00" time="0.0010" classname="test.ant.MultipleThreadTest"/>
  <testcase name="recordThread04" time="0.0" classname="test.ant.MultipleThreadTest"/>
  <testcase name="recordThread03" time="0.0020" classname="test.ant.MultipleThreadTest"/>
  <testcase name="recordThread02" time="0.0040" classname="test.ant.MultipleThreadTest"/>
  <testcase name="recordThread07" time="0.0010" classname="test.ant.MultipleThreadTest"/>
  <testcase name="recordThread08" time="0.0010" classname="test.ant.MultipleThreadTest"/>
  <testcase name="recordThread10" time="0.0" classname="test.ant.MultipleThreadTest"/>
  <testcase name="recordThread11" time="0.0" classname="test.ant.MultipleThreadTest"/>
  <testcase name="recordThread12" time="0.0010" classname="test.ant.MultipleThreadTest"/>
  <testcase name="recordThread13" time="0.0" classname="test.ant.MultipleThreadTest"/>
  <testcase name="recordThread14" time="0.0010" classname="test.ant.MultipleThreadTest"/>
  <testcase name="recordThread15" time="0.0" classname="test.ant.MultipleThreadTest"/>
  <testcase name="recordThread16" time="0.0" classname="test.ant.MultipleThreadTest"/>
  <testcase name="recordThread17" time="0.0" classname="test.ant.MultipleThreadTest"/>
  <testcase name="recordThread18" time="0.0" classname="test.ant.MultipleThreadTest"/>
  <testcase name="recordThread19" time="0.0010" classname="test.ant.MultipleThreadTest"/>
  <testcase name="test" time="0.0010" classname="test.ant.NoPackageTest"/>
  <testcase name="recordThread09" time="0.0010" classname="test.ant.MultipleThreadTest"/>
  <testcase name="recordThread06" time="0.0" classname="test.ant.MultipleThreadTest"/>
  <testcase name="recordThread05" time="0.0" classname="test.ant.MultipleThreadTest"/>
</testsuite> <!-- Ant test -->
